  [4;36;1mSQL (0.3ms)[0m   [0;1m SELECT name
 FROM sqlite_master
 WHERE type = 'table' AND NOT name = 'sqlite_sequence'
[0m
  [4;35;1mSQL (0.1ms)[0m   [0mselect sqlite_version(*)[0m
  [4;36;1mSQL (0.8ms)[0m   [0;1mCREATE TABLE "schema_migrations" ("version" varchar(255) NOT NULL) [0m
  [4;35;1mSQL (0.6ms)[0m   [0mCREATE UNIQUE INDEX "unique_schema_migrations" ON "schema_migrations" ("version")[0m
  [4;36;1mSQL (0.1ms)[0m   [0;1m SELECT name
 FROM sqlite_master
 WHERE type = 'table' AND NOT name = 'sqlite_sequence'
[0m
  [4;35;1mSQL (0.1ms)[0m   [0mSELECT version FROM schema_migrations[0m
Migrating to CreateUsers (20100722074255)
  [4;36;1mSQL (0.5ms)[0m   [0;1mCREATE TABLE "users" ("id" INTEGER PRIMARY KEY AUTOINCREMENT NOT NULL, "name" varchar(255), "email" varchar(255), "created_at" datetime, "updated_at" datetime) [0m
  [4;35;1mSQL (0.1ms)[0m   [0mINSERT INTO schema_migrations (version) VALUES ('20100722074255')[0m
  [4;36;1mSQL (0.3ms)[0m   [0;1m SELECT name
 FROM sqlite_master
 WHERE type = 'table' AND NOT name = 'sqlite_sequence'
[0m
  [4;35;1mSQL (0.1ms)[0m   [0mSELECT version FROM schema_migrations[0m
  [4;36;1mSQL (0.2ms)[0m   [0;1m SELECT name
 FROM sqlite_master
 WHERE type = 'table' AND NOT name = 'sqlite_sequence'
[0m
  [4;35;1mSQL (0.1ms)[0m   [0mPRAGMA index_list("users")[0m


Processing UsersController#index (for 127.0.0.1 at 2010-07-22 00:44:59) [GET]
  [4;36;1mUser Load (0.4ms)[0m   [0;1mSELECT * FROM "users" [0m
Rendering template within layouts/users
Rendering users/index
Completed in 34ms (View: 30, DB: 0) | 200 OK [http://localhost/users]


Processing UsersController#new (for 127.0.0.1 at 2010-07-22 00:47:29) [GET]
Rendering template within layouts/users
Rendering users/new
Completed in 11ms (View: 7, DB: 0) | 200 OK [http://localhost/users/new]


Processing UsersController#create (for 127.0.0.1 at 2010-07-22 00:47:37) [POST]
  Parameters: {"commit"=>"Create", "authenticity_token"=>"kNY+8fxFZpVDvLzQtYcBQpoRfwk8F7ieoiCvA8BbNDY=", "user"=>{"name"=>"Ramu Yalamanchi", "email"=>"ramu@karmamediacorp.com"}}
  [4;35;1mUser Create (0.6ms)[0m   [0mINSERT INTO "users" ("name", "created_at", "updated_at", "email") VALUES('Ramu Yalamanchi', '2010-07-22 07:47:37', '2010-07-22 07:47:37', 'ramu@karmamediacorp.com')[0m
Redirected to http://localhost:3000/users/1
Completed in 11ms (DB: 1) | 302 Found [http://localhost/users]


Processing UsersController#show (for 127.0.0.1 at 2010-07-22 00:47:37) [GET]
  Parameters: {"id"=>"1"}
  [4;36;1mUser Load (0.2ms)[0m   [0;1mSELECT * FROM "users" WHERE ("users"."id" = 1) [0m
Rendering template within layouts/users
Rendering users/show
Completed in 11ms (View: 7, DB: 0) | 200 OK [http://localhost/users/1]


Processing UsersController#edit (for 127.0.0.1 at 2010-07-22 00:47:40) [GET]
  Parameters: {"id"=>"1"}
  [4;35;1mUser Load (0.2ms)[0m   [0mSELECT * FROM "users" WHERE ("users"."id" = 1) [0m
Rendering template within layouts/users
Rendering users/edit
Completed in 14ms (View: 10, DB: 0) | 200 OK [http://localhost/users/1/edit]


Processing UsersController#update (for 127.0.0.1 at 2010-07-22 00:47:44) [PUT]
  Parameters: {"commit"=>"Update", "authenticity_token"=>"kNY+8fxFZpVDvLzQtYcBQpoRfwk8F7ieoiCvA8BbNDY=", "id"=>"1", "user"=>{"name"=>"Ramu Yalamanchi", "email"=>"ramu@karmamediacorp.com"}}
  [4;36;1mUser Load (0.2ms)[0m   [0;1mSELECT * FROM "users" WHERE ("users"."id" = 1) [0m
Redirected to http://localhost:3000/users/1
Completed in 9ms (DB: 0) | 302 Found [http://localhost/users/1]


Processing UsersController#show (for 127.0.0.1 at 2010-07-22 00:47:44) [GET]
  Parameters: {"id"=>"1"}
  [4;35;1mUser Load (0.2ms)[0m   [0mSELECT * FROM "users" WHERE ("users"."id" = 1) [0m
Rendering template within layouts/users
Rendering users/show
Completed in 9ms (View: 3, DB: 0) | 200 OK [http://localhost/users/1]


Processing UsersController#index (for 127.0.0.1 at 2010-07-22 00:47:45) [GET]
  [4;36;1mUser Load (0.5ms)[0m   [0;1mSELECT * FROM "users" [0m
Rendering template within layouts/users
Rendering users/index
Completed in 12ms (View: 7, DB: 1) | 200 OK [http://localhost/users]


Processing UsersController#new (for 127.0.0.1 at 2010-07-22 00:47:47) [GET]
Rendering template within layouts/users
Rendering users/new
Completed in 11ms (View: 5, DB: 0) | 200 OK [http://localhost/users/new]


Processing UsersController#create (for 127.0.0.1 at 2010-07-22 00:47:56) [POST]
  Parameters: {"commit"=>"Create", "authenticity_token"=>"kNY+8fxFZpVDvLzQtYcBQpoRfwk8F7ieoiCvA8BbNDY=", "user"=>{"name"=>"Foo", "email"=>"foo@foobar.com"}}
  [4;35;1mUser Create (0.4ms)[0m   [0mINSERT INTO "users" ("name", "created_at", "updated_at", "email") VALUES('Foo', '2010-07-22 07:47:56', '2010-07-22 07:47:56', 'foo@foobar.com')[0m
Redirected to http://localhost:3000/users/2
Completed in 10ms (DB: 0) | 302 Found [http://localhost/users]


Processing UsersController#show (for 127.0.0.1 at 2010-07-22 00:47:56) [GET]
  Parameters: {"id"=>"2"}
  [4;36;1mUser Load (0.2ms)[0m   [0;1mSELECT * FROM "users" WHERE ("users"."id" = 2) [0m
Rendering template within layouts/users
Rendering users/show
Completed in 8ms (View: 3, DB: 0) | 200 OK [http://localhost/users/2]


Processing UsersController#index (for 127.0.0.1 at 2010-07-22 00:47:59) [GET]
  [4;35;1mUser Load (0.6ms)[0m   [0mSELECT * FROM "users" [0m
Rendering template within layouts/users
Rendering users/index
Completed in 14ms (View: 8, DB: 1) | 200 OK [http://localhost/users]


Processing UsersController#show (for 127.0.0.1 at 2010-07-22 00:48:11) [GET]
  Parameters: {"id"=>"1"}
  [4;36;1mUser Load (0.2ms)[0m   [0;1mSELECT * FROM "users" WHERE ("users"."id" = 1) [0m
Rendering template within layouts/users
Rendering users/show
Completed in 9ms (View: 2, DB: 0) | 200 OK [http://localhost/users/1]


Processing UsersController#index (for 127.0.0.1 at 2010-07-22 00:48:13) [GET]
  [4;35;1mUser Load (0.6ms)[0m   [0mSELECT * FROM "users" [0m
Rendering template within layouts/users
Rendering users/index
Completed in 14ms (View: 8, DB: 1) | 200 OK [http://localhost/users]
  [4;36;1mSQL (0.4ms)[0m   [0;1m SELECT name
 FROM sqlite_master
 WHERE type = 'table' AND NOT name = 'sqlite_sequence'
[0m
  [4;35;1mSQL (0.1ms)[0m   [0mSELECT version FROM schema_migrations[0m
Migrating to CreateUsers (20100722074255)
Migrating to CreateMicroposts (20100722160315)
  [4;36;1mSQL (0.1ms)[0m   [0;1mselect sqlite_version(*)[0m
  [4;35;1mSQL (0.5ms)[0m   [0mCREATE TABLE "microposts" ("id" INTEGER PRIMARY KEY AUTOINCREMENT NOT NULL, "content" varchar(255), "user_id" integer, "created_at" datetime, "updated_at" datetime) [0m
  [4;36;1mSQL (0.4ms)[0m   [0;1mINSERT INTO schema_migrations (version) VALUES ('20100722160315')[0m
  [4;35;1mSQL (0.3ms)[0m   [0m SELECT name
 FROM sqlite_master
 WHERE type = 'table' AND NOT name = 'sqlite_sequence'
[0m
  [4;36;1mSQL (0.1ms)[0m   [0;1mSELECT version FROM schema_migrations[0m
  [4;35;1mSQL (0.2ms)[0m   [0m SELECT name
 FROM sqlite_master
 WHERE type = 'table' AND NOT name = 'sqlite_sequence'
[0m
  [4;36;1mSQL (0.0ms)[0m   [0;1mPRAGMA index_list("microposts")[0m
  [4;35;1mSQL (0.0ms)[0m   [0mPRAGMA index_list("users")[0m


Processing MicropostsController#new (for 127.0.0.1 at 2010-07-22 09:11:40) [GET]
Rendering template within layouts/microposts
Rendering microposts/new
Completed in 43ms (View: 37, DB: 0) | 200 OK [http://localhost/microposts/new]


Processing MicropostsController#create (for 127.0.0.1 at 2010-07-22 09:12:33) [POST]
  Parameters: {"commit"=>"Create", "micropost"=>{"user_id"=>"1", "content"=>"First micropost"}, "authenticity_token"=>"QO2Y3eYvUSC9+aXNRgkqBSBjuoo5pavvcnLmKNvQBhI="}
  [4;36;1mMicropost Create (0.4ms)[0m   [0;1mINSERT INTO "microposts" ("created_at", "updated_at", "user_id", "content") VALUES('2010-07-22 16:12:33', '2010-07-22 16:12:33', 1, 'First micropost')[0m
Redirected to http://localhost:3000/microposts/1
Completed in 10ms (DB: 0) | 302 Found [http://localhost/microposts]


Processing MicropostsController#show (for 127.0.0.1 at 2010-07-22 09:12:33) [GET]
  Parameters: {"id"=>"1"}
  [4;35;1mMicropost Load (0.2ms)[0m   [0mSELECT * FROM "microposts" WHERE ("microposts"."id" = 1) [0m
Rendering template within layouts/microposts
Rendering microposts/show
Completed in 60ms (View: 53, DB: 0) | 200 OK [http://localhost/microposts/1]


Processing MicropostsController#index (for 127.0.0.1 at 2010-07-22 09:12:35) [GET]
  [4;36;1mMicropost Load (0.6ms)[0m   [0;1mSELECT * FROM "microposts" [0m
Rendering template within layouts/microposts
Rendering microposts/index
Completed in 17ms (View: 12, DB: 1) | 200 OK [http://localhost/microposts]


Processing MicropostsController#new (for 127.0.0.1 at 2010-07-22 09:12:38) [GET]
Rendering template within layouts/microposts
Rendering microposts/new
Completed in 11ms (View: 7, DB: 0) | 200 OK [http://localhost/microposts/new]


Processing MicropostsController#create (for 127.0.0.1 at 2010-07-22 09:12:45) [POST]
  Parameters: {"commit"=>"Create", "micropost"=>{"user_id"=>"2", "content"=>"Second micropost"}, "authenticity_token"=>"QO2Y3eYvUSC9+aXNRgkqBSBjuoo5pavvcnLmKNvQBhI="}
  [4;35;1mMicropost Create (0.4ms)[0m   [0mINSERT INTO "microposts" ("created_at", "updated_at", "user_id", "content") VALUES('2010-07-22 16:12:45', '2010-07-22 16:12:45', 2, 'Second micropost')[0m
Redirected to http://localhost:3000/microposts/2
Completed in 8ms (DB: 0) | 302 Found [http://localhost/microposts]


Processing MicropostsController#show (for 127.0.0.1 at 2010-07-22 09:12:45) [GET]
  Parameters: {"id"=>"2"}
  [4;36;1mMicropost Load (0.2ms)[0m   [0;1mSELECT * FROM "microposts" WHERE ("microposts"."id" = 2) [0m
Rendering template within layouts/microposts
Rendering microposts/show
Completed in 7ms (View: 2, DB: 0) | 200 OK [http://localhost/microposts/2]


Processing MicropostsController#index (for 127.0.0.1 at 2010-07-22 09:12:46) [GET]
  [4;35;1mMicropost Load (0.5ms)[0m   [0mSELECT * FROM "microposts" [0m
Rendering template within layouts/microposts
Rendering microposts/index
Completed in 14ms (View: 10, DB: 0) | 200 OK [http://localhost/microposts]


Processing MicropostsController#new (for 127.0.0.1 at 2010-07-22 09:12:48) [GET]
Rendering template within layouts/microposts
Rendering microposts/new
Completed in 8ms (View: 4, DB: 0) | 200 OK [http://localhost/microposts/new]


Processing MicropostsController#create (for 127.0.0.1 at 2010-07-22 09:12:58) [POST]
  Parameters: {"commit"=>"Create", "micropost"=>{"user_id"=>"3", "content"=>"Third micropost"}, "authenticity_token"=>"QO2Y3eYvUSC9+aXNRgkqBSBjuoo5pavvcnLmKNvQBhI="}
  [4;36;1mMicropost Create (0.4ms)[0m   [0;1mINSERT INTO "microposts" ("created_at", "updated_at", "user_id", "content") VALUES('2010-07-22 16:12:58', '2010-07-22 16:12:58', 3, 'Third micropost')[0m
Redirected to http://localhost:3000/microposts/3
Completed in 65ms (DB: 0) | 302 Found [http://localhost/microposts]


Processing MicropostsController#show (for 127.0.0.1 at 2010-07-22 09:12:58) [GET]
  Parameters: {"id"=>"3"}
  [4;35;1mMicropost Load (0.2ms)[0m   [0mSELECT * FROM "microposts" WHERE ("microposts"."id" = 3) [0m
Rendering template within layouts/microposts
Rendering microposts/show
Completed in 9ms (View: 3, DB: 0) | 200 OK [http://localhost/microposts/3]


Processing MicropostsController#index (for 127.0.0.1 at 2010-07-22 09:13:00) [GET]
  [4;36;1mMicropost Load (0.5ms)[0m   [0;1mSELECT * FROM "microposts" [0m
Rendering template within layouts/microposts
Rendering microposts/index
Completed in 20ms (View: 14, DB: 1) | 200 OK [http://localhost/microposts]


Processing MicropostsController#destroy (for 127.0.0.1 at 2010-07-22 09:13:05) [DELETE]
  Parameters: {"authenticity_token"=>"QO2Y3eYvUSC9+aXNRgkqBSBjuoo5pavvcnLmKNvQBhI=", "id"=>"3"}
  [4;35;1mMicropost Load (0.4ms)[0m   [0mSELECT * FROM "microposts" WHERE ("microposts"."id" = 3) [0m
  [4;36;1mMicropost Destroy (0.4ms)[0m   [0;1mDELETE FROM "microposts" WHERE "id" = 3[0m
Redirected to http://localhost:3000/microposts
Completed in 11ms (DB: 1) | 302 Found [http://localhost/microposts/3]


Processing MicropostsController#index (for 127.0.0.1 at 2010-07-22 09:13:05) [GET]
  [4;35;1mMicropost Load (0.5ms)[0m   [0mSELECT * FROM "microposts" [0m
Rendering template within layouts/microposts
Rendering microposts/index
Completed in 17ms (View: 11, DB: 1) | 200 OK [http://localhost/microposts]
  [4;36;1mUser Load (0.4ms)[0m   [0;1mSELECT * FROM "users" LIMIT 1[0m
  [4;36;1mUser Load (0.4ms)[0m   [0;1mSELECT * FROM "users" LIMIT 1[0m
  [4;35;1mMicropost Load (0.4ms)[0m   [0mSELECT * FROM "microposts" WHERE ("microposts".user_id = 1) [0m


Processing UsersController#index (for 127.0.0.1 at 2010-08-14 00:57:40) [GET]
  [4;36;1mUser Load (1.0ms)[0m   [0;1mSELECT * FROM "users" [0m
Rendering template within layouts/users
Rendering users/index
Completed in 46ms (View: 34, DB: 1) | 200 OK [http://localhost/users]


Processing UsersController#new (for 127.0.0.1 at 2010-08-14 00:57:44) [GET]
Rendering template within layouts/users
Rendering users/new
Completed in 14ms (View: 9, DB: 0) | 200 OK [http://localhost/users/new]


Processing UsersController#create (for 127.0.0.1 at 2010-08-14 00:58:01) [POST]
  Parameters: {"commit"=>"Create", "authenticity_token"=>"OFqQR50jb5ns1Blra0txOuiyooZDRezm69PdGxd+//E=", "user"=>{"name"=>"Foo2", "email"=>"foo2@foobar.com"}}
  [4;35;1mUser Create (1.4ms)[0m   [0mINSERT INTO "users" ("name", "created_at", "updated_at", "email") VALUES('Foo2', '2010-08-14 07:58:01', '2010-08-14 07:58:01', 'foo2@foobar.com')[0m
Redirected to http://localhost:3000/users/3
Completed in 10ms (DB: 1) | 302 Found [http://localhost/users]


Processing UsersController#show (for 127.0.0.1 at 2010-08-14 00:58:01) [GET]
  Parameters: {"id"=>"3"}
  [4;36;1mUser Load (0.2ms)[0m   [0;1mSELECT * FROM "users" WHERE ("users"."id" = 3) [0m
Rendering template within layouts/users
Rendering users/show
Completed in 12ms (View: 7, DB: 0) | 200 OK [http://localhost/users/3]


Processing UsersController#index (for 127.0.0.1 at 2010-08-14 00:58:03) [GET]
  [4;35;1mUser Load (0.5ms)[0m   [0mSELECT * FROM "users" [0m
Rendering template within layouts/users
Rendering users/index
Completed in 17ms (View: 13, DB: 1) | 200 OK [http://localhost/users]


Processing UsersController#new (for 127.0.0.1 at 2010-08-14 00:58:05) [GET]
Rendering template within layouts/users
Rendering users/new
Completed in 12ms (View: 6, DB: 0) | 200 OK [http://localhost/users/new]


Processing UsersController#create (for 127.0.0.1 at 2010-08-14 00:58:15) [POST]
  Parameters: {"commit"=>"Create", "authenticity_token"=>"OFqQR50jb5ns1Blra0txOuiyooZDRezm69PdGxd+//E=", "user"=>{"name"=>"foo3", "email"=>"foo3@foobar.com"}}
  [4;36;1mUser Create (0.4ms)[0m   [0;1mINSERT INTO "users" ("name", "created_at", "updated_at", "email") VALUES('foo3', '2010-08-14 07:58:15', '2010-08-14 07:58:15', 'foo3@foobar.com')[0m
Redirected to http://localhost:3000/users/4
Completed in 10ms (DB: 0) | 302 Found [http://localhost/users]


Processing UsersController#show (for 127.0.0.1 at 2010-08-14 00:58:15) [GET]
  Parameters: {"id"=>"4"}
  [4;35;1mUser Load (0.2ms)[0m   [0mSELECT * FROM "users" WHERE ("users"."id" = 4) [0m
Rendering template within layouts/users
Rendering users/show
Completed in 9ms (View: 3, DB: 0) | 200 OK [http://localhost/users/4]


Processing UsersController#index (for 127.0.0.1 at 2010-08-14 00:58:16) [GET]
  [4;36;1mUser Load (0.9ms)[0m   [0;1mSELECT * FROM "users" [0m
Rendering template within layouts/users
Rendering users/index
Completed in 65ms (View: 59, DB: 1) | 200 OK [http://localhost/users]


Processing UsersController#edit (for 127.0.0.1 at 2010-08-14 00:59:01) [GET]
  Parameters: {"id"=>"2"}
  [4;35;1mUser Load (0.2ms)[0m   [0mSELECT * FROM "users" WHERE ("users"."id" = 2) [0m
Rendering template within layouts/users
Rendering users/edit
Completed in 14ms (View: 9, DB: 0) | 200 OK [http://localhost/users/2/edit]


Processing UsersController#destroy (for 127.0.0.1 at 2010-08-14 00:59:22) [DELETE]
  Parameters: {"authenticity_token"=>"OFqQR50jb5ns1Blra0txOuiyooZDRezm69PdGxd+//E=", "id"=>"4"}
  [4;36;1mUser Load (0.3ms)[0m   [0;1mSELECT * FROM "users" WHERE ("users"."id" = 4) [0m
  [4;35;1mUser Destroy (0.4ms)[0m   [0mDELETE FROM "users" WHERE "id" = 4[0m
Redirected to http://localhost:3000/users
Completed in 11ms (DB: 1) | 302 Found [http://localhost/users/4]


Processing UsersController#index (for 127.0.0.1 at 2010-08-14 00:59:22) [GET]
  [4;36;1mUser Load (0.7ms)[0m   [0;1mSELECT * FROM "users" [0m
Rendering template within layouts/users
Rendering users/index
Completed in 15ms (View: 10, DB: 1) | 200 OK [http://localhost/users]


Processing UsersController#index (for 127.0.0.1 at 2010-08-14 11:22:50) [GET]
  [4;36;1mUser Load (1.1ms)[0m   [0;1mSELECT * FROM "users" [0m
Rendering template within layouts/users
Rendering users/index
Completed in 45ms (View: 33, DB: 1) | 200 OK [http://localhost/users]


Processing MicropostsController#index (for 127.0.0.1 at 2010-08-14 12:27:38) [GET]
  [4;36;1mMicropost Load (1.0ms)[0m   [0;1mSELECT * FROM "microposts" [0m
Rendering template within layouts/microposts
Rendering microposts/index
Completed in 38ms (View: 31, DB: 1) | 200 OK [http://localhost/microposts]


Processing MicropostsController#new (for 127.0.0.1 at 2010-08-14 12:29:22) [GET]
Rendering template within layouts/microposts
Rendering microposts/new
Completed in 18ms (View: 12, DB: 0) | 200 OK [http://localhost/microposts/new]


Processing MicropostsController#create (for 127.0.0.1 at 2010-08-14 12:29:40) [POST]
  Parameters: {"commit"=>"Create", "micropost"=>{"user_id"=>"1", "content"=>"First micropost"}, "authenticity_token"=>"4Df2rLlWGUiT4sTHowSjdyC7j1c7qOm2LH+a3Q3+KjQ="}
  [4;35;1mMicropost Create (0.4ms)[0m   [0mINSERT INTO "microposts" ("created_at", "updated_at", "user_id", "content") VALUES('2010-08-14 19:29:40', '2010-08-14 19:29:40', 1, 'First micropost')[0m
Redirected to http://localhost:3000/microposts/4
Completed in 10ms (DB: 0) | 302 Found [http://localhost/microposts]


Processing MicropostsController#show (for 127.0.0.1 at 2010-08-14 12:29:40) [GET]
  Parameters: {"id"=>"4"}
  [4;36;1mMicropost Load (0.2ms)[0m   [0;1mSELECT * FROM "microposts" WHERE ("microposts"."id" = 4) [0m
Rendering template within layouts/microposts
Rendering microposts/show
Completed in 12ms (View: 6, DB: 0) | 200 OK [http://localhost/microposts/4]


Processing MicropostsController#index (for 127.0.0.1 at 2010-08-14 12:30:10) [GET]
  [4;35;1mMicropost Load (0.7ms)[0m   [0mSELECT * FROM "microposts" [0m
Rendering template within layouts/microposts
Rendering microposts/index
Completed in 17ms (View: 12, DB: 1) | 200 OK [http://localhost/microposts]


Processing MicropostsController#new (for 127.0.0.1 at 2010-08-14 12:30:15) [GET]
Rendering template within layouts/microposts
Rendering microposts/new
Completed in 9ms (View: 4, DB: 0) | 200 OK [http://localhost/microposts/new]


Processing MicropostsController#create (for 127.0.0.1 at 2010-08-14 12:30:29) [POST]
  Parameters: {"commit"=>"Create", "micropost"=>{"user_id"=>"1", "content"=>"yoooooooooooooooooooooooooooooooooooooooooooooooooooooooooooooooooooooooo"}, "authenticity_token"=>"4Df2rLlWGUiT4sTHowSjdyC7j1c7qOm2LH+a3Q3+KjQ="}
  [4;36;1mMicropost Create (0.4ms)[0m   [0;1mINSERT INTO "microposts" ("created_at", "updated_at", "user_id", "content") VALUES('2010-08-14 19:30:29', '2010-08-14 19:30:29', 1, 'yoooooooooooooooooooooooooooooooooooooooooooooooooooooooooooooooooooooooo')[0m
Redirected to http://localhost:3000/microposts/5
Completed in 10ms (DB: 0) | 302 Found [http://localhost/microposts]


Processing MicropostsController#show (for 127.0.0.1 at 2010-08-14 12:30:29) [GET]
  Parameters: {"id"=>"5"}
  [4;35;1mMicropost Load (0.2ms)[0m   [0mSELECT * FROM "microposts" WHERE ("microposts"."id" = 5) [0m
Rendering template within layouts/microposts
Rendering microposts/show
Completed in 9ms (View: 2, DB: 0) | 200 OK [http://localhost/microposts/5]


Processing MicropostsController#index (for 127.0.0.1 at 2010-08-14 12:30:32) [GET]
  [4;36;1mMicropost Load (0.8ms)[0m   [0;1mSELECT * FROM "microposts" [0m
Rendering template within layouts/microposts
Rendering microposts/index
Completed in 72ms (View: 66, DB: 1) | 200 OK [http://localhost/microposts]


Processing MicropostsController#destroy (for 127.0.0.1 at 2010-08-14 12:30:39) [DELETE]
  Parameters: {"authenticity_token"=>"4Df2rLlWGUiT4sTHowSjdyC7j1c7qOm2LH+a3Q3+KjQ=", "id"=>"5"}
  [4;35;1mMicropost Load (0.2ms)[0m   [0mSELECT * FROM "microposts" WHERE ("microposts"."id" = 5) [0m
  [4;36;1mMicropost Destroy (0.3ms)[0m   [0;1mDELETE FROM "microposts" WHERE "id" = 5[0m
Redirected to http://localhost:3000/microposts
Completed in 9ms (DB: 0) | 302 Found [http://localhost/microposts/5]


Processing MicropostsController#index (for 127.0.0.1 at 2010-08-14 12:30:39) [GET]
  [4;35;1mMicropost Load (0.7ms)[0m   [0mSELECT * FROM "microposts" [0m
Rendering template within layouts/microposts
Rendering microposts/index
Completed in 16ms (View: 11, DB: 1) | 200 OK [http://localhost/microposts]


Processing MicropostsController#new (for 127.0.0.1 at 2010-08-14 12:30:42) [GET]
Rendering template within layouts/microposts
Rendering microposts/new
Completed in 10ms (View: 4, DB: 0) | 200 OK [http://localhost/microposts/new]


Processing MicropostsController#create (for 127.0.0.1 at 2010-08-14 12:31:04) [POST]
  Parameters: {"commit"=>"Create", "micropost"=>{"user_id"=>"1", "content"=>"hellooooooooooooooooooooooooooooooooooooooooooooooooooooooooooooooooooooooooooooooooooooooooooooooooooooooooooooooooooooooooooooooooooooooooooooooooooooo"}, "authenticity_token"=>"4Df2rLlWGUiT4sTHowSjdyC7j1c7qOm2LH+a3Q3+KjQ="}
Rendering template within layouts/microposts
Rendering microposts/new
Completed in 15ms (View: 8, DB: 0) | 200 OK [http://localhost/microposts]


Processing MicropostsController#index (for 127.0.0.1 at 2010-08-14 12:31:13) [GET]
  [4;36;1mMicropost Load (0.5ms)[0m   [0;1mSELECT * FROM "microposts" [0m
Rendering template within layouts/microposts
Rendering microposts/index
Completed in 12ms (View: 8, DB: 1) | 200 OK [http://localhost/microposts]
  [4;36;1mUser Load (0.4ms)[0m   [0;1mSELECT * FROM "users" LIMIT 1[0m
  [4;35;1mMicropost Load (0.5ms)[0m   [0mSELECT * FROM "microposts" WHERE ("microposts".user_id = 1) [0m


Processing UsersController#index (for 127.0.0.1 at 2010-11-29 09:14:43) [GET]
  [4;36;1mUser Load (1.1ms)[0m   [0;1mSELECT * FROM "users" [0m
Rendering template within layouts/users
Rendering users/index
Completed in 85ms (View: 72, DB: 1) | 200 OK [http://localhost/users/]


Processing UsersController#destroy (for 127.0.0.1 at 2010-11-29 09:14:49) [DELETE]
  Parameters: {"authenticity_token"=>"r6Gb/DiCgixnxwF9bB/vhrmJifAOCqOqmrw7USQX57o=", "id"=>"1"}
  [4;35;1mUser Load (0.2ms)[0m   [0mSELECT * FROM "users" WHERE ("users"."id" = 1) [0m
  [4;36;1mUser Destroy (0.3ms)[0m   [0;1mDELETE FROM "users" WHERE "id" = 1[0m
Redirected to http://localhost:3000/users
Completed in 7ms (DB: 0) | 302 Found [http://localhost/users/1]


Processing UsersController#index (for 127.0.0.1 at 2010-11-29 09:14:49) [GET]
  [4;35;1mUser Load (0.5ms)[0m   [0mSELECT * FROM "users" [0m
Rendering template within layouts/users
Rendering users/index
Completed in 12ms (View: 8, DB: 1) | 200 OK [http://localhost/users]


Processing UsersController#new (for 127.0.0.1 at 2010-11-29 09:14:51) [GET]
Rendering template within layouts/users
Rendering users/new
Completed in 12ms (View: 8, DB: 0) | 200 OK [http://localhost/users/new]


Processing UsersController#create (for 127.0.0.1 at 2010-11-29 09:15:02) [POST]
  Parameters: {"commit"=>"Create", "authenticity_token"=>"r6Gb/DiCgixnxwF9bB/vhrmJifAOCqOqmrw7USQX57o=", "user"=>{"name"=>"Foo3", "email"=>"foo3@foobar.com"}}
  [4;36;1mUser Create (0.4ms)[0m   [0;1mINSERT INTO "users" ("name", "created_at", "updated_at", "email") VALUES('Foo3', '2010-11-29 17:15:02', '2010-11-29 17:15:02', 'foo3@foobar.com')[0m
Redirected to http://localhost:3000/users/5
Completed in 9ms (DB: 0) | 302 Found [http://localhost/users]


Processing UsersController#show (for 127.0.0.1 at 2010-11-29 09:15:02) [GET]
  Parameters: {"id"=>"5"}
  [4;35;1mUser Load (0.2ms)[0m   [0mSELECT * FROM "users" WHERE ("users"."id" = 5) [0m
Rendering template within layouts/users
Rendering users/show
Completed in 13ms (View: 7, DB: 0) | 200 OK [http://localhost/users/5]


Processing UsersController#index (for 127.0.0.1 at 2010-11-29 09:15:04) [GET]
  [4;36;1mUser Load (0.5ms)[0m   [0;1mSELECT * FROM "users" [0m
Rendering template within layouts/users
Rendering users/index
Completed in 13ms (View: 9, DB: 1) | 200 OK [http://localhost/users]


Processing ApplicationController#index (for 127.0.0.1 at 2010-11-30 21:33:30) [GET]

ActionController::RoutingError (No route matches "/pages/" with {:method=>:get}):
  

Rendering rescues/layout (not_found)


Processing ApplicationController#index (for 127.0.0.1 at 2010-11-30 21:33:53) [GET]
  Parameters: {"z"=>"20101128154338"}

ActionController::RoutingError (No route matches "/combined_assets/css/asset_type/plquiz" with {:method=>:get}):
  

Rendering rescues/layout (not_found)


Processing ApplicationController#index (for 127.0.0.1 at 2010-11-30 21:33:54) [GET]
  Parameters: {"z"=>"20101128154338"}

ActionController::RoutingError (No route matches "/combined_assets/js/domain/quazar-classic.set" with {:method=>:get}):
  

Rendering rescues/layout (not_found)


Processing ApplicationController#index (for 127.0.0.1 at 2010-12-01 11:29:34) [GET]

ActionController::RoutingError (No route matches "/divers-circle.jpg" with {:method=>:get}):
  

Rendering rescues/layout (not_found)


Processing ApplicationController#index (for 127.0.0.1 at 2010-12-01 11:33:48) [GET]

ActionController::RoutingError (No route matches "/divers-circle.jpg" with {:method=>:get}):
  

Rendering rescues/layout (not_found)


Processing ApplicationController#index (for 127.0.0.1 at 2010-12-01 11:33:52) [GET]

ActionController::RoutingError (No route matches "/divers-circle.jpg" with {:method=>:get}):
  

Rendering rescues/layout (not_found)


Processing ApplicationController#index (for 127.0.0.1 at 2010-12-01 13:31:37) [GET]

ActionController::RoutingError (No route matches "/%E2%80%9Dhttp://ajax.googleapis.com/ajax/libs/jquery/1.4.2/jquery.min.js%E2%80%9D" with {:method=>:get}):
  

Rendering rescues/layout (not_found)


Processing ApplicationController#index (for 127.0.0.1 at 2010-12-01 18:56:17) [GET]

ActionController::RoutingError (No route matches "/%E2%80%9Djs/popBox/popBox.min.js%E2%80%9D" with {:method=>:get}):
  

Rendering rescues/layout (not_found)


Processing ApplicationController#index (for 127.0.0.1 at 2010-12-01 18:56:17) [GET]

ActionController::RoutingError (No route matches "/%E2%80%9Dhttp://ajax.googleapis.com/ajax/libs/jquery/1.4.2/jquery.min.js%E2%80%9D" with {:method=>:get}):
  

Rendering rescues/layout (not_found)
